<?xml version="1.0" encoding="utf-8"?><testsuites name="pytest tests"><testsuite name="pytest" errors="0" failures="0" skipped="0" tests="9" time="2.042" timestamp="2026-07-27T15:18:58.443930+00:00" hostname="agent-env-bba0434d-6826-4f05-b82d-2ab6807304f8"><testcase classname="tests.test_api.TestContactAPI" name="test_create_contact" time="0.329" /><testcase classname="tests.test_api.TestPledgeAPI" name="test_create_pledge" time="0.313" /><testcase classname="tests.test_api.TestPledgeAPI" name="test_duplicate_pledge_returns_409" time="0.296" /><testcase classname="tests.test_api.TestPledgeAPI" name="test_pledge_count" time="0.190" /><testcase classname="tests.test_api.TestPledgeAPI" name="test_recent_pledges_no_email" time="0.125" /><testcase classname="tests.test_api.TestPledgeAPI" name="test_stats" time="0.223" /><testcase classname="tests.test_api.TestPledgeAPI" name="test_admin_pledges" time="0.143" /><testcase classname="tests.test_api.TestPledgeAPI" name="test_admin_pledges_search" time="0.165" /><testcase classname="tests.test_api.TestPledgeAPI" name="test_admin_contacts" time="0.123" /></testsuite></testsuites>